____________________________________________________________________________________
saving copy of old tarball version	: Jul-29 15:33 (25M)
last file modified in tmp arch		: Jul-28 23:23 (7.5K) ./repsets.cf
bash part last modified 		: Jul-29 14:32 (41535) Bytes
new self-exec tarball created		: Jul-29 15:34 (25M)
new tarball MD5 checksum 		: 8c37a846eb906115d2c3990275813130  complete_tarball/nsncc.sh
new repsets.cf MD5 checksum		: 5109f26de2558412a966c575a4cd36e6  tmp/repsets.cf
____________________________________________________________________________________

____________________________________________________________________________________
saving copy of old tarball version	: Jul-29 15:34 (25M)
last file modified in tmp arch		: Jul-28 23:23 (7.5K) ./repsets.cf
bash part last modified 		: Jul-29 14:32 (41535) Bytes
new self-exec tarball created		: Jul-29 18:44 (25M)
new tarball MD5 checksum 		: 12fb287746f8e0673939ca7dd3036bd2  complete_tarball/nsncc.sh
new repsets.cf MD5 checksum		: 5109f26de2558412a966c575a4cd36e6  tmp/repsets.cf
____________________________________________________________________________________

____________________________________________________________________________________
saving copy of old tarball version	: Jul-29 18:44 (25M)
last file modified in tmp arch		: Jul-28 23:23 (7.5K) ./repsets.cf
bash part last modified 		: Jul-29 20:37 (40592) Bytes
new self-exec tarball created		: Jul-29 20:38 (25M)
new tarball MD5 checksum 		: 44059c8c86584fa7d110a9270995f788  complete_tarball/nsncc.sh
new repsets.cf MD5 checksum		: 5109f26de2558412a966c575a4cd36e6  tmp/repsets.cf
____________________________________________________________________________________

____________________________________________________________________________________
saving copy of old tarball version	: Jul-29 20:38 (25M)
last file modified in tmp arch		: Jul-28 23:23 (7.5K) ./repsets.cf
bash part last modified 		: Jul-29 22:37 (40575) Bytes
new self-exec tarball created		: Jul-30 00:24 (25M)
new tarball MD5 checksum 		: 4246a6d5820e89921ccae9043851a950  complete_tarball/nsncc.sh
new repsets.cf MD5 checksum		: 5109f26de2558412a966c575a4cd36e6  tmp/repsets.cf
____________________________________________________________________________________

____________________________________________________________________________________
saving copy of old tarball version	: Jul-30 00:24 (25M)
last file modified in tmp arch		: Jul-30 13:13 (1.8K) ./rscmd-sqc.sh
bash part last modified 		: Jul-30 13:23 (40811) Bytes
new self-exec tarball created		: Jul-30 13:24 (25M)
new tarball MD5 checksum 		: 6e8bad3d333b71a3d3423bca91a258d9  complete_tarball/nsncc.sh
new repsets.cf MD5 checksum		: 1d860ec50d203ac8eacd8a485c997fb7  tmp/repsets.cf
____________________________________________________________________________________

____________________________________________________________________________________
saving copy of old tarball version	: Jul-30 13:24 (25M)
last file modified in tmp arch		: Jul-30 13:13 (1.8K) ./rscmd-sqc.sh
bash part last modified 		: Jul-30 13:37 (40916) Bytes
new self-exec tarball created		: Jul-30 13:37 (25M)
new tarball MD5 checksum 		: dfb92dfb21159e271397b048e9b9a843  complete_tarball/nsncc.sh
new repsets.cf MD5 checksum		: 1d860ec50d203ac8eacd8a485c997fb7  tmp/repsets.cf
____________________________________________________________________________________

____________________________________________________________________________________
saving copy of old tarball version	: Jul-30 13:37 (25M)
last file modified in tmp arch		: Jul-30 13:47 (2.7K) ./Properties-SQC/SQCL1_MSS-v3/SQCL1MSSNEv3.xml
bash part last modified 		: Jul-30 13:37 (40916) Bytes
new self-exec tarball created		: Jul-30 13:47 (25M)
new tarball MD5 checksum 		: e59c3d0d2ccd9bcefdd71f68debcc670  complete_tarball/nsncc.sh
new repsets.cf MD5 checksum		: c5151b64953e8af26c31c5373768117d  tmp/repsets.cf
____________________________________________________________________________________

____________________________________________________________________________________
saving copy of old tarball version	: Jul-30 13:47 (25M)
last file modified in tmp arch		: Jul-30 13:47 (2.7K) ./Properties-SQC/SQCL1_MSS-v3/SQCL1MSSNEv3.xml
bash part last modified 		: Jul-30 13:37 (40916) Bytes
new self-exec tarball created		: Jul-30 13:58 (25M)
new tarball MD5 checksum 		: 6ead0315256dd8dc0867df26dc8fd512  complete_tarball/nsncc.sh
new repsets.cf MD5 checksum		: c5151b64953e8af26c31c5373768117d  tmp/repsets.cf
____________________________________________________________________________________

____________________________________________________________________________________
saving copy of old tarball version	: Jul-30 13:58 (25M)
last file modified in tmp arch		: Jul-30 13:47 (2.7K) ./Properties-SQC/SQCL1_MSS-v3/SQCL1MSSNEv3.xml
bash part last modified 		: Jul-30 15:30 (40931) Bytes
new self-exec tarball created		: Jul-30 15:31 (25M)
new tarball MD5 checksum 		: 93008e21dae9db83108b4200f95faf73  complete_tarball/nsncc.sh
new repsets.cf MD5 checksum		: c5151b64953e8af26c31c5373768117d  tmp/repsets.cf
____________________________________________________________________________________

____________________________________________________________________________________
saving copy of old tarball version	: Jul-30 15:31 (25M)
last file modified in tmp arch		: Jul-31 17:43 (7.6K) ./Properties-KPI/mbbcollect.cf
bash part last modified 		: Aug-1 21:44 (41644) Bytes
new self-exec tarball created		: Aug-1 21:45 (21M)
new tarball MD5 checksum 		: 3b4c97d0824f938652b21f7ed29ef1a4  complete_tarball/nsncc.sh
new repsets.cf MD5 checksum		: c5151b64953e8af26c31c5373768117d  tmp/repsets.cf
____________________________________________________________________________________

____________________________________________________________________________________
saving copy of old tarball version	: Aug-1 21:45 (21M)
last file modified in tmp arch		: Aug-2 19:33 (13K) ./Properties-KPI/MBB_PBM-TEMPLATE-v1.properties
bash part last modified 		: Aug-2 19:36 (43246) Bytes
new self-exec tarball created		: Aug-3 07:15 (21M)
new tarball MD5 checksum 		: 48ba074d8a323bad1327663fb96b823a  complete_tarball/nsncc.sh
new repsets.cf MD5 checksum		: c5151b64953e8af26c31c5373768117d  tmp/repsets.cf
____________________________________________________________________________________

____________________________________________________________________________________
saving copy of old tarball version	: Aug-3 07:15 (21M)
last file modified in tmp arch		: Aug-2 19:33 (13K) ./Properties-KPI/MBB_PBM-TEMPLATE-v1.properties
bash part last modified 		: Aug-3 07:32 (43465) Bytes
new self-exec tarball created		: Aug-3 07:32 (21M)
new tarball MD5 checksum 		: 0df4d21da207ee63b9d43c7f038865fd  complete_tarball/nsncc.sh
new repsets.cf MD5 checksum		: c5151b64953e8af26c31c5373768117d  tmp/repsets.cf
____________________________________________________________________________________

____________________________________________________________________________________
saving copy of old tarball version	: Aug-3 07:32 (21M)
last file modified in tmp arch		: Aug-2 19:33 (13K) ./Properties-KPI/MBB_PBM-TEMPLATE-v1.properties
bash part last modified 		: Aug-3 07:32 (43465) Bytes
new self-exec tarball created		: Aug-3 07:44 (21M)
new tarball MD5 checksum 		: 8461ff9d7c2c8156d8802946fb507c08  complete_tarball/nsncc.sh
new repsets.cf MD5 checksum		: c5151b64953e8af26c31c5373768117d  tmp/repsets.cf
____________________________________________________________________________________

____________________________________________________________________________________
saving copy of old tarball version	: Aug-3 07:44 (21M)
last file modified in tmp arch		: Aug-2 19:33 (13K) ./Properties-KPI/MBB_PBM-TEMPLATE-v1.properties
bash part last modified 		: Aug-3 09:08 (43535) Bytes
new self-exec tarball created		: Aug-3 09:09 (21M)
new tarball MD5 checksum 		: aa7a8cd7e3570b2c92432e7fd544ef87  complete_tarball/nsncc.sh
new repsets.cf MD5 checksum		: c5151b64953e8af26c31c5373768117d  tmp/repsets.cf
____________________________________________________________________________________

____________________________________________________________________________________
saving copy of old tarball version	: Aug-3 09:09 (21M)
last file modified in tmp arch		: Aug-2 19:33 (13K) ./Properties-KPI/MBB_PBM-TEMPLATE-v1.properties
bash part last modified 		: Aug-3 09:25 (43718) Bytes
new self-exec tarball created		: Aug-3 09:27 (21M)
new tarball MD5 checksum 		: 84244d0e47793d694e8e7abcc67c2046  complete_tarball/nsncc.sh
new repsets.cf MD5 checksum		: c5151b64953e8af26c31c5373768117d  tmp/repsets.cf
____________________________________________________________________________________

____________________________________________________________________________________
saving copy of old tarball version	: Aug-3 09:27 (21M)
last file modified in tmp arch		: Aug-3 09:46 (13K) ./Properties-KPI/MBB_PBM-TEMPLATE-v1.properties
bash part last modified 		: Aug-3 09:40 (43843) Bytes
new self-exec tarball created		: Aug-3 09:59 (21M)
new tarball MD5 checksum 		: d9643a056d7a21ed4e1e0f7fe58a182e  complete_tarball/nsncc.sh
new repsets.cf MD5 checksum		: c5151b64953e8af26c31c5373768117d  tmp/repsets.cf
____________________________________________________________________________________

____________________________________________________________________________________
saving copy of old tarball version	: Aug-3 09:59 (21M)
last file modified in tmp arch		: Aug-3 09:46 (13K) ./Properties-KPI/MBB_PBM-TEMPLATE-v1.properties
bash part last modified 		: Aug-3 15:42 (45452) Bytes
new self-exec tarball created		: Aug-3 15:45 (21M)
new tarball MD5 checksum 		: 8be4cd446151213310d92feb16dc709f  complete_tarball/nsncc.sh
new repsets.cf MD5 checksum		: c5151b64953e8af26c31c5373768117d  tmp/repsets.cf
____________________________________________________________________________________

____________________________________________________________________________________
saving copy of old tarball version	: Aug-3 15:45 (21M)
last file modified in tmp arch		: Aug-3 09:46 (13K) ./Properties-KPI/MBB_PBM-TEMPLATE-v1.properties
bash part last modified 		: Aug-3 20:59 (45450) Bytes
new self-exec tarball created		: Aug-3 20:59 (21M)
new tarball MD5 checksum 		: 86c3652ba04efecf417eefb99cd761d2  complete_tarball/nsncc.sh
new repsets.cf MD5 checksum		: c5151b64953e8af26c31c5373768117d  tmp/repsets.cf
____________________________________________________________________________________

____________________________________________________________________________________
saving copy of old tarball version	: Aug-3 20:59 (21M)
last file modified in tmp arch		: Aug-3 09:46 (13K) ./Properties-KPI/MBB_PBM-TEMPLATE-v1.properties
bash part last modified 		: Aug-3 21:07 (45435) Bytes
new self-exec tarball created		: Aug-3 21:20 (21M)
new tarball MD5 checksum 		: aa98ec1d779139ff7dd57b467156eff8  complete_tarball/nsncc.sh
new repsets.cf MD5 checksum		: c5151b64953e8af26c31c5373768117d  tmp/repsets.cf
____________________________________________________________________________________

____________________________________________________________________________________
saving copy of old tarball version	: Aug-3 21:20 (21M)
last file modified in tmp arch		: Aug-3 09:46 (13K) ./Properties-KPI/MBB_PBM-TEMPLATE-v1.properties
bash part last modified 		: Aug-3 21:35 (45441) Bytes
new self-exec tarball created		: Aug-3 21:35 (21M)
new tarball MD5 checksum 		: ed4c1eab661b393815555b53b35d7a54  complete_tarball/nsncc.sh
new repsets.cf MD5 checksum		: c5151b64953e8af26c31c5373768117d  tmp/repsets.cf
____________________________________________________________________________________

____________________________________________________________________________________
saving copy of old tarball version	: Aug-3 21:35 (21M)
last file modified in tmp arch		: Aug-3 09:46 (13K) ./Properties-KPI/MBB_PBM-TEMPLATE-v1.properties
bash part last modified 		: Aug-4 06:29 (45463) Bytes
new self-exec tarball created		: Aug-4 06:29 (21M)
new tarball MD5 checksum 		: 5cdac5ab62bae63f9728695c166dd23f  complete_tarball/nsncc.sh
new repsets.cf MD5 checksum		: c5151b64953e8af26c31c5373768117d  tmp/repsets.cf
____________________________________________________________________________________

____________________________________________________________________________________
saving copy of old tarball version	: Aug-4 06:29 (21M)
last file modified in tmp arch		: Aug-3 09:46 (13K) ./Properties-KPI/MBB_PBM-TEMPLATE-v1.properties
bash part last modified 		: Aug-4 09:32 (46157) Bytes
new self-exec tarball created		: Aug-4 09:32 (21M)
new tarball MD5 checksum 		: 36464f3d0d3f0ff9aed5a77588700ebf  complete_tarball/nsncc.sh
new repsets.cf MD5 checksum		: c5151b64953e8af26c31c5373768117d  tmp/repsets.cf
____________________________________________________________________________________

____________________________________________________________________________________
saving copy of old tarball version	: Aug-4 09:32 (21M)
last file modified in tmp arch		: Aug-3 09:46 (13K) ./Properties-KPI/MBB_PBM-TEMPLATE-v1.properties
bash part last modified 		: Aug-4 09:49 (46564) Bytes
new self-exec tarball created		: Aug-4 09:50 (21M)
new tarball MD5 checksum 		: 4b42ec75ad37784f7f166f58475ab6a3  complete_tarball/nsncc.sh
new repsets.cf MD5 checksum		: c5151b64953e8af26c31c5373768117d  tmp/repsets.cf
____________________________________________________________________________________

____________________________________________________________________________________
saving copy of old tarball version	: Aug-4 09:50 (21M)
last file modified in tmp arch		: Aug-3 09:46 (13K) ./Properties-KPI/MBB_PBM-TEMPLATE-v1.properties
bash part last modified 		: Aug-4 09:49 (46564) Bytes
new self-exec tarball created		: Aug-5 13:29 (21M)
new tarball MD5 checksum 		: 20ba219d99eb42ef27e544b6d9052f11  complete_tarball/nsncc.sh
new repsets.cf MD5 checksum		: c5151b64953e8af26c31c5373768117d  tmp/repsets.cf
____________________________________________________________________________________

____________________________________________________________________________________
saving copy of old tarball version	: Aug-5 13:29 (21M)
last file modified in tmp arch		: Aug-3 09:46 (13K) ./Properties-KPI/MBB_PBM-TEMPLATE-v1.properties
bash part last modified 		: Aug-5 15:00 (46608) Bytes
new self-exec tarball created		: Aug-5 15:01 (21M)
new tarball MD5 checksum 		: 4014e38e4255e830543b45d76ae9228d  complete_tarball/nsncc.sh
new repsets.cf MD5 checksum		: c5151b64953e8af26c31c5373768117d  tmp/repsets.cf
____________________________________________________________________________________

____________________________________________________________________________________
saving copy of old tarball version	: Aug-5 15:01 (21M)
last file modified in tmp arch		: Aug-6 08:39 (7.6K) ./repsets.cf
bash part last modified 		: Aug-5 15:00 (46608) Bytes
new self-exec tarball created		: Aug-6 08:39 (21M)
new tarball MD5 checksum 		: b8e122f69016d0099fade51becf85587  complete_tarball/nsncc.sh
new repsets.cf MD5 checksum		: 35a022f1e9d022890dc05ba781babb28  tmp/repsets.cf
____________________________________________________________________________________

____________________________________________________________________________________
saving copy of old tarball version	: Aug-6 08:39 (21M)
last file modified in tmp arch		: Aug-6 08:39 (7.6K) ./repsets.cf
bash part last modified 		: Aug-6 14:39 (46625) Bytes
new self-exec tarball created		: Aug-6 14:40 (21M)
new tarball MD5 checksum 		: e62a5ed5bdd916dba3702eb1b7092229  complete_tarball/nsncc.sh
new repsets.cf MD5 checksum		: 35a022f1e9d022890dc05ba781babb28  tmp/repsets.cf
____________________________________________________________________________________

____________________________________________________________________________________
saving copy of old tarball version	: Aug-6 14:40 (21M)
last file modified in tmp arch		: Aug-7 15:13 (3.6K) ./Properties-SQC/SQCL1_LTE-v1/SQCL1LTELNBTSv1.xml
bash part last modified 		: Aug-6 16:04 (46804) Bytes
new self-exec tarball created		: Aug-7 15:19 (21M)
new tarball MD5 checksum 		: f71c99c55f96b99748e0c81a88417e50  complete_tarball/nsncc.sh
new repsets.cf MD5 checksum		: 35a022f1e9d022890dc05ba781babb28  tmp/repsets.cf
____________________________________________________________________________________

____________________________________________________________________________________
last file modified in tmp arch		: Aug-7 15:27 (3.6K) ./Properties-SQC/SQCL1_LTE-v1/SQCL1LTELNBTSv1.xml
bash part last modified 		: Aug-6 16:04 (46804) Bytes
new self-exec tarball created		: Aug-7 15:28 (21M)
new tarball MD5 checksum 		: 4edf467f8d69200b6213edafcf21ac7c  complete_tarball/nsncc.sh
new repsets.cf MD5 checksum		: 35a022f1e9d022890dc05ba781babb28  tmp/repsets.cf
____________________________________________________________________________________

____________________________________________________________________________________
last file modified in tmp arch		: Aug-13 11:30 (7.8K) ./repsets.cf
bash part last modified 		: Aug-6 16:04 (46804) Bytes
new self-exec tarball created		: Aug-13 11:31 (21M)
new tarball MD5 checksum 		: dceaa882145b1d9a86091f5ea4002f43  complete_tarball/nsncc.sh
new repsets.cf MD5 checksum		: 220764eca6d01000eca6b4f005f22e80  tmp/repsets.cf
____________________________________________________________________________________

____________________________________________________________________________________
saving copy of old tarball version	: Aug-13 11:31 (21M)
last file modified in tmp arch		: Aug-13 11:33 (7.8K) ./repsets.cf
bash part last modified 		: Aug-6 16:04 (46804) Bytes
new self-exec tarball created		: Aug-13 11:34 (21M)
new tarball MD5 checksum 		: deb46a127f887d92603b969ae3593aca  complete_tarball/nsncc.sh
new repsets.cf MD5 checksum		: 7af5ece56fa47568354f443e8af15b51  tmp/repsets.cf
____________________________________________________________________________________

____________________________________________________________________________________
saving copy of old tarball version	: Aug-13 11:34 (21M)
last file modified in tmp arch		: Aug-13 11:33 (7.8K) ./repsets.cf
bash part last modified 		: Aug-13 12:15 (46797) Bytes
new self-exec tarball created		: Aug-13 13:02 (21M)
new tarball MD5 checksum 		: 0ef6339719ee63a39c6712a7a5c4fc6c  complete_tarball/nsncc.sh
new repsets.cf MD5 checksum		: 7af5ece56fa47568354f443e8af15b51  tmp/repsets.cf
____________________________________________________________________________________

____________________________________________________________________________________
saving copy of old tarball version	: Aug-13 13:02 (21M)
last file modified in tmp arch		: Aug-13 11:33 (7.8K) ./repsets.cf
bash part last modified 		: Aug-17 15:58 (46798) Bytes
new self-exec tarball created		: Aug-17 15:59 (21M)
new tarball MD5 checksum 		: 52e17c181785031a08e4e1ad4271c5d1  complete_tarball/nsncc.sh
new repsets.cf MD5 checksum		: 7af5ece56fa47568354f443e8af15b51  tmp/repsets.cf
____________________________________________________________________________________

